<?xml version="1.0" encoding="UTF-8"?>
<!-- Generated by org.testng.reporters.JUnitReportReporter -->
<testsuite hostname="dnid0006l01.local" failures="0" tests="4" name="testCases.CardManagement.TC_005_Create_Card_Duplicate" time="0.004" errors="0" timestamp="20 May 2020 07:48:09 GMT" skipped="0">
  <testcase classname="testCases.CardManagement.TC_005_Create_Card_Duplicate" name="assertEmptyResponseBody" time="0.001"/>
  <testcase classname="testCases.CardManagement.TC_005_Create_Card_Duplicate" name="assertResponseTime" time="0.001"/>
  <testcase classname="testCases.CardManagement.TC_005_Create_Card_Duplicate" name="checkResultAsExpected" time="0.001"/>
  <testcase classname="testCases.CardManagement.TC_005_Create_Card_Duplicate" name="assertStatusCode" time="0.001"/>
</testsuite> <!-- testCases.CardManagement.TC_005_Create_Card_Duplicate -->
