<?xml version="1.0" encoding="UTF-8"?>
<!-- Generated by org.testng.reporters.JUnitReportReporter -->
<testsuite hostname="dnid0006l01.local" failures="0" tests="5" name="testCases.AdminManagement.TC_001_Get_All_Users" time="0.004" errors="0" timestamp="18 May 2020 04:04:55 GMT" skipped="0">
  <testcase classname="testCases.AdminManagement.TC_001_Get_All_Users" name="assertEmptyResponseBody" time="0.002"/>
  <testcase classname="testCases.AdminManagement.TC_001_Get_All_Users" name="assertStatusLine" time="0.000"/>
  <testcase classname="testCases.AdminManagement.TC_001_Get_All_Users" name="checkResultAsExpected" time="0.000"/>
  <testcase classname="testCases.AdminManagement.TC_001_Get_All_Users" name="assertStatusCode" time="0.001"/>
  <testcase classname="testCases.AdminManagement.TC_001_Get_All_Users" name="assertResponseTime" time="0.001"/>
</testsuite> <!-- testCases.AdminManagement.TC_001_Get_All_Users -->
