<?xml version="1.0" encoding="UTF-8"?>
<!-- Generated by org.testng.reporters.JUnitReportReporter -->
<testsuite skipped="0" hostname="DNID0694L01" name="testCases.order.TC_Recent_Phone_Number" tests="3" failures="0" timestamp="13 Jun 2020 09:33:40 GMT" time="11.022" errors="0">
  <testcase name="testRecentPhoneNumber" time="11.020" classname="testCases.order.TC_Recent_Phone_Number"/>
  <testcase name="checkData" time="0.001" classname="testCases.order.TC_Recent_Phone_Number"/>
  <testcase name="checkDB" time="0.001" classname="testCases.order.TC_Recent_Phone_Number"/>
</testsuite> <!-- testCases.order.TC_Recent_Phone_Number -->
