<?xml version="1.0" encoding="UTF-8"?>
<!-- Generated by org.testng.reporters.JUnitReportReporter -->
<testsuite hostname="dnid0006l01.local" failures="0" tests="20" name="testCases.Transaction.CancelTransaction.TC_001_Cancel_Transaction" time="5.469" errors="0" timestamp="18 May 2020 04:04:55 GMT" skipped="0">
  <testcase classname="testCases.Transaction.CancelTransaction.TC_001_Cancel_Transaction" name="assertEmptyResponseBody" time="0.012"/>
  <testcase classname="testCases.Transaction.CancelTransaction.TC_001_Cancel_Transaction" name="assertResponseTime" time="0.000"/>
  <testcase classname="testCases.Transaction.CancelTransaction.TC_001_Cancel_Transaction" name="assertStatusCode" time="0.009"/>
  <testcase classname="testCases.Transaction.CancelTransaction.TC_001_Cancel_Transaction" name="cancelTransaction" time="1.325"/>
  <testcase classname="testCases.Transaction.CancelTransaction.TC_001_Cancel_Transaction" name="cancelTransaction" time="1.389"/>
  <testcase classname="testCases.Transaction.CancelTransaction.TC_001_Cancel_Transaction" name="assertStatusCode" time="0.010"/>
  <testcase classname="testCases.Transaction.CancelTransaction.TC_001_Cancel_Transaction" name="assertEmptyResponseBody" time="0.002"/>
  <testcase classname="testCases.Transaction.CancelTransaction.TC_001_Cancel_Transaction" name="assertStatusCode" time="0.010"/>
  <testcase classname="testCases.Transaction.CancelTransaction.TC_001_Cancel_Transaction" name="checkResultAsExpected" time="0.015"/>
  <testcase classname="testCases.Transaction.CancelTransaction.TC_001_Cancel_Transaction" name="cancelTransaction" time="1.336"/>
  <testcase classname="testCases.Transaction.CancelTransaction.TC_001_Cancel_Transaction" name="cancelTransaction" time="1.306"/>
  <testcase classname="testCases.Transaction.CancelTransaction.TC_001_Cancel_Transaction" name="assertStatusCode" time="0.011"/>
  <testcase classname="testCases.Transaction.CancelTransaction.TC_001_Cancel_Transaction" name="checkResultAsExpected" time="0.012"/>
  <testcase classname="testCases.Transaction.CancelTransaction.TC_001_Cancel_Transaction" name="assertResponseTime" time="0.001"/>
  <testcase classname="testCases.Transaction.CancelTransaction.TC_001_Cancel_Transaction" name="checkResultAsExpected" time="0.015"/>
  <testcase classname="testCases.Transaction.CancelTransaction.TC_001_Cancel_Transaction" name="assertEmptyResponseBody" time="0.001"/>
  <testcase classname="testCases.Transaction.CancelTransaction.TC_001_Cancel_Transaction" name="checkResultAsExpected" time="0.012"/>
  <testcase classname="testCases.Transaction.CancelTransaction.TC_001_Cancel_Transaction" name="assertResponseTime" time="0.001"/>
  <testcase classname="testCases.Transaction.CancelTransaction.TC_001_Cancel_Transaction" name="assertEmptyResponseBody" time="0.001"/>
  <testcase classname="testCases.Transaction.CancelTransaction.TC_001_Cancel_Transaction" name="assertResponseTime" time="0.001"/>
</testsuite> <!-- testCases.Transaction.CancelTransaction.TC_001_Cancel_Transaction -->
