<?xml version="1.0" encoding="UTF-8"?>
<!-- Generated by org.testng.reporters.JUnitReportReporter -->
<testsuite hostname="dnid0006l01.local" failures="0" tests="15" name="testCases.Transaction.UploadEvidence.TC_001_Upload_Evidence_Transfer" time="5.554" errors="0" timestamp="18 May 2020 04:04:55 GMT" skipped="0">
  <testcase classname="testCases.Transaction.UploadEvidence.TC_001_Upload_Evidence_Transfer" name="assertResponseTime" time="0.001"/>
  <testcase classname="testCases.Transaction.UploadEvidence.TC_001_Upload_Evidence_Transfer" name="checkResultAsExpected" time="0.009"/>
  <testcase classname="testCases.Transaction.UploadEvidence.TC_001_Upload_Evidence_Transfer" name="assertStatusCode" time="0.007"/>
  <testcase classname="testCases.Transaction.UploadEvidence.TC_001_Upload_Evidence_Transfer" name="assertStatusCode" time="0.010"/>
  <testcase classname="testCases.Transaction.UploadEvidence.TC_001_Upload_Evidence_Transfer" name="assertEmptyResponseBody" time="0.003"/>
  <testcase classname="testCases.Transaction.UploadEvidence.TC_001_Upload_Evidence_Transfer" name="assertEmptyResponseBody" time="0.004"/>
  <testcase classname="testCases.Transaction.UploadEvidence.TC_001_Upload_Evidence_Transfer" name="assertResponseTime" time="0.001"/>
  <testcase classname="testCases.Transaction.UploadEvidence.TC_001_Upload_Evidence_Transfer" name="checkResultAsExpected" time="0.011"/>
  <testcase classname="testCases.Transaction.UploadEvidence.TC_001_Upload_Evidence_Transfer" name="assertStatusCode" time="0.008"/>
  <testcase classname="testCases.Transaction.UploadEvidence.TC_001_Upload_Evidence_Transfer" name="uploadEvidence" time="1.994"/>
  <testcase classname="testCases.Transaction.UploadEvidence.TC_001_Upload_Evidence_Transfer" name="uploadEvidence" time="1.659"/>
  <testcase classname="testCases.Transaction.UploadEvidence.TC_001_Upload_Evidence_Transfer" name="assertEmptyResponseBody" time="0.002"/>
  <testcase classname="testCases.Transaction.UploadEvidence.TC_001_Upload_Evidence_Transfer" name="uploadEvidence" time="1.834"/>
  <testcase classname="testCases.Transaction.UploadEvidence.TC_001_Upload_Evidence_Transfer" name="assertResponseTime" time="0.000"/>
  <testcase classname="testCases.Transaction.UploadEvidence.TC_001_Upload_Evidence_Transfer" name="checkResultAsExpected" time="0.011"/>
</testsuite> <!-- testCases.Transaction.UploadEvidence.TC_001_Upload_Evidence_Transfer -->
