<?xml version="1.0" encoding="UTF-8"?>
<!-- Generated by org.testng.reporters.JUnitReportReporter -->
<testsuite skipped="0" hostname="DNID0694L01" name="testCases.order.TC_Recent_Phone_Number" tests="15" failures="0" timestamp="17 Jun 2020 07:23:43 GMT" time="30.726" errors="0">
  <testcase name="checkData" time="0.004" classname="testCases.order.TC_Recent_Phone_Number"/>
  <testcase name="checkData" time="0.019" classname="testCases.order.TC_Recent_Phone_Number"/>
  <testcase name="checkDB" time="0.001" classname="testCases.order.TC_Recent_Phone_Number"/>
  <testcase name="checkData" time="0.007" classname="testCases.order.TC_Recent_Phone_Number"/>
  <testcase name="checkDB" time="5.323" classname="testCases.order.TC_Recent_Phone_Number"/>
  <testcase name="checkDB" time="5.146" classname="testCases.order.TC_Recent_Phone_Number"/>
  <testcase name="testRecentPhoneNumber" time="4.218" classname="testCases.order.TC_Recent_Phone_Number"/>
  <testcase name="checkDB" time="4.784" classname="testCases.order.TC_Recent_Phone_Number"/>
  <testcase name="testRecentPhoneNumber" time="4.649" classname="testCases.order.TC_Recent_Phone_Number"/>
  <testcase name="checkDB" time="0.001" classname="testCases.order.TC_Recent_Phone_Number"/>
  <testcase name="checkData" time="0.272" classname="testCases.order.TC_Recent_Phone_Number"/>
  <testcase name="testRecentPhoneNumber" time="0.938" classname="testCases.order.TC_Recent_Phone_Number"/>
  <testcase name="testRecentPhoneNumber" time="1.186" classname="testCases.order.TC_Recent_Phone_Number"/>
  <testcase name="testRecentPhoneNumber" time="4.177" classname="testCases.order.TC_Recent_Phone_Number"/>
  <testcase name="checkData" time="0.001" classname="testCases.order.TC_Recent_Phone_Number"/>
</testsuite> <!-- testCases.order.TC_Recent_Phone_Number -->
