<?xml version="1.0" encoding="UTF-8"?>
<!-- Generated by org.testng.reporters.JUnitReportReporter -->
<testsuite skipped="15" hostname="DNID0694L01" name="testCases.order.TC_Recent_Phone_Number" tests="16" failures="0" timestamp="20 Jun 2020 01:09:27 GMT" time="42.264" errors="1">
  <testcase name="checkData" time="0.000" classname="testCases.order.TC_Recent_Phone_Number">
    <skipped/>
  </testcase> <!-- checkData -->
  <testcase name="testRecentPhoneNumber" time="0.000" classname="testCases.order.TC_Recent_Phone_Number">
    <skipped/>
  </testcase> <!-- testRecentPhoneNumber -->
  <testcase name="testRecentPhoneNumber" time="0.000" classname="testCases.order.TC_Recent_Phone_Number">
    <skipped/>
  </testcase> <!-- testRecentPhoneNumber -->
  <testcase name="testRecentPhoneNumber" time="0.000" classname="testCases.order.TC_Recent_Phone_Number">
    <skipped/>
  </testcase> <!-- testRecentPhoneNumber -->
  <testcase name="checkDB" time="0.000" classname="testCases.order.TC_Recent_Phone_Number">
    <skipped/>
  </testcase> <!-- checkDB -->
  <testcase name="checkDB" time="0.000" classname="testCases.order.TC_Recent_Phone_Number">
    <skipped/>
  </testcase> <!-- checkDB -->
  <testcase name="checkDB" time="0.000" classname="testCases.order.TC_Recent_Phone_Number">
    <skipped/>
  </testcase> <!-- checkDB -->
  <testcase name="checkData" time="0.000" classname="testCases.order.TC_Recent_Phone_Number">
    <skipped/>
  </testcase> <!-- checkData -->
  <testcase name="testRecentPhoneNumber" time="0.000" classname="testCases.order.TC_Recent_Phone_Number">
    <skipped/>
  </testcase> <!-- testRecentPhoneNumber -->
  <testcase name="beforeClass" time="42.264" classname="testCases.order.TC_Recent_Phone_Number">
    <error type="java.lang.NullPointerException">
      <![CDATA[java.lang.NullPointerException
at base.TestBase.createTransaction(TestBase.java:819)
at testCases.order.TC_Recent_Phone_Number.beforeClass(TC_Recent_Phone_Number.java:77)
at sun.reflect.NativeMethodAccessorImpl.invoke0(Native Method)
at sun.reflect.NativeMethodAccessorImpl.invoke(NativeMethodAccessorImpl.java:62)
at sun.reflect.DelegatingMethodAccessorImpl.invoke(DelegatingMethodAccessorImpl.java:43)
at java.lang.reflect.Method.invoke(Method.java:498)
at org.testng.internal.MethodInvocationHelper.invokeMethod(MethodInvocationHelper.java:124)
at org.testng.internal.MethodInvocationHelper.invokeMethodConsideringTimeout(MethodInvocationHelper.java:59)
at org.testng.internal.Invoker.invokeConfigurationMethod(Invoker.java:458)
at org.testng.internal.Invoker.invokeConfigurations(Invoker.java:222)
at org.testng.internal.Invoker.invokeConfigurations(Invoker.java:142)
at org.testng.internal.TestMethodWorker.invokeBeforeClassMethods(TestMethodWorker.java:168)
at org.testng.internal.TestMethodWorker.run(TestMethodWorker.java:105)
at org.testng.TestRunner.privateRun(TestRunner.java:648)
at org.testng.TestRunner.run(TestRunner.java:505)
at org.testng.SuiteRunner.runTest(SuiteRunner.java:455)
at org.testng.SuiteRunner.runSequentially(SuiteRunner.java:450)
at org.testng.SuiteRunner.privateRun(SuiteRunner.java:415)
at org.testng.SuiteRunner.run(SuiteRunner.java:364)
at org.testng.SuiteRunnerWorker.runSuite(SuiteRunnerWorker.java:52)
at org.testng.SuiteRunnerWorker.run(SuiteRunnerWorker.java:84)
at org.testng.TestNG.runSuitesSequentially(TestNG.java:1208)
at org.testng.TestNG.runSuitesLocally(TestNG.java:1137)
at org.testng.TestNG.runSuites(TestNG.java:1049)
at org.testng.TestNG.run(TestNG.java:1017)
at org.testng.remote.AbstractRemoteTestNG.run(AbstractRemoteTestNG.java:115)
at org.testng.remote.RemoteTestNG.initAndRun(RemoteTestNG.java:251)
at org.testng.remote.RemoteTestNG.main(RemoteTestNG.java:77)
]]>
    </error>
  </testcase> <!-- beforeClass -->
  <testcase name="checkData" time="0.000" classname="testCases.order.TC_Recent_Phone_Number">
    <skipped/>
  </testcase> <!-- checkData -->
  <testcase name="checkData" time="0.000" classname="testCases.order.TC_Recent_Phone_Number">
    <skipped/>
  </testcase> <!-- checkData -->
  <testcase name="checkDB" time="0.000" classname="testCases.order.TC_Recent_Phone_Number">
    <skipped/>
  </testcase> <!-- checkDB -->
  <testcase name="testRecentPhoneNumber" time="0.000" classname="testCases.order.TC_Recent_Phone_Number">
    <skipped/>
  </testcase> <!-- testRecentPhoneNumber -->
  <testcase name="checkDB" time="0.000" classname="testCases.order.TC_Recent_Phone_Number">
    <skipped/>
  </testcase> <!-- checkDB -->
  <testcase name="checkData" time="0.000" classname="testCases.order.TC_Recent_Phone_Number">
    <skipped/>
  </testcase> <!-- checkData -->
</testsuite> <!-- testCases.order.TC_Recent_Phone_Number -->
