<?xml version="1.0" encoding="UTF-8"?>
<!-- Generated by org.testng.reporters.JUnitReportReporter -->
<testsuite hostname="dnid0006l01.local" failures="0" tests="6" name="testCases.TopUpOption.TC_001_Get_Top_Up_Option" time="1.497" errors="0" timestamp="20 May 2020 07:48:09 GMT" skipped="0">
  <testcase classname="testCases.TopUpOption.TC_001_Get_Top_Up_Option" name="getTopUpOption" time="1.493"/>
  <testcase classname="testCases.TopUpOption.TC_001_Get_Top_Up_Option" name="assertStatusCode" time="0.001"/>
  <testcase classname="testCases.TopUpOption.TC_001_Get_Top_Up_Option" name="assertStatusLine" time="0.001"/>
  <testcase classname="testCases.TopUpOption.TC_001_Get_Top_Up_Option" name="checkResultAsExpected" time="0.000"/>
  <testcase classname="testCases.TopUpOption.TC_001_Get_Top_Up_Option" name="assertResponseTime" time="0.001"/>
  <testcase classname="testCases.TopUpOption.TC_001_Get_Top_Up_Option" name="assertEmptyResponseBody" time="0.001"/>
</testsuite> <!-- testCases.TopUpOption.TC_001_Get_Top_Up_Option -->
