<?xml version="1.0" encoding="UTF-8"?>
<!-- Generated by org.testng.reporters.JUnitReportReporter -->
<testsuite hostname="dnid0006l01.local" failures="0" tests="10" name="testCases.TransactionHistory.TC_002_Get_Transaction_History_Completed" time="2.928" errors="0" timestamp="18 May 2020 04:04:55 GMT" skipped="0">
  <testcase classname="testCases.TransactionHistory.TC_002_Get_Transaction_History_Completed" name="assertEmptyResponseBody" time="0.010"/>
  <testcase classname="testCases.TransactionHistory.TC_002_Get_Transaction_History_Completed" name="assertStatusCode" time="0.010"/>
  <testcase classname="testCases.TransactionHistory.TC_002_Get_Transaction_History_Completed" name="assertResponseTime" time="0.001"/>
  <testcase classname="testCases.TransactionHistory.TC_002_Get_Transaction_History_Completed" name="checkResultAsExpected" time="0.016"/>
  <testcase classname="testCases.TransactionHistory.TC_002_Get_Transaction_History_Completed" name="getHistoryCompleted" time="1.518"/>
  <testcase classname="testCases.TransactionHistory.TC_002_Get_Transaction_History_Completed" name="checkResultAsExpected" time="0.012"/>
  <testcase classname="testCases.TransactionHistory.TC_002_Get_Transaction_History_Completed" name="assertResponseTime" time="0.000"/>
  <testcase classname="testCases.TransactionHistory.TC_002_Get_Transaction_History_Completed" name="assertEmptyResponseBody" time="0.001"/>
  <testcase classname="testCases.TransactionHistory.TC_002_Get_Transaction_History_Completed" name="assertStatusCode" time="0.010"/>
  <testcase classname="testCases.TransactionHistory.TC_002_Get_Transaction_History_Completed" name="getHistoryCompleted" time="1.350"/>
</testsuite> <!-- testCases.TransactionHistory.TC_002_Get_Transaction_History_Completed -->
