<?xml version="1.0" encoding="UTF-8"?>
<!-- Generated by org.testng.reporters.JUnitReportReporter -->
<testsuite hostname="dnid0006l01.local" failures="0" tests="1" name="testCases.Transaction.TC_001_Create_Wallet" time="4.639" errors="0" timestamp="15 May 2020 10:35:22 GMT" skipped="0">
  <testcase classname="testCases.Transaction.TC_001_Create_Wallet" name="createWallet" time="4.639"/>
</testsuite> <!-- testCases.Transaction.TC_001_Create_Wallet -->
