<?xml version="1.0" encoding="UTF-8"?>
<!-- Generated by org.testng.reporters.JUnitReportReporter -->
<testsuite hostname="dnid0006l01.local" failures="0" tests="5" name="testCases.TopUpEMoneyCard.TC_002_Check_Card_Exists" time="0.018" errors="0" timestamp="14 May 2020 10:45:40 GMT" skipped="0">
  <testcase classname="testCases.TopUpEMoneyCard.TC_002_Check_Card_Exists" name="checkResultAsExpected" time="0.000"/>
  <testcase classname="testCases.TopUpEMoneyCard.TC_002_Check_Card_Exists" name="assertStatusLine" time="0.001"/>
  <testcase classname="testCases.TopUpEMoneyCard.TC_002_Check_Card_Exists" name="assertStatusCode" time="0.002"/>
  <testcase classname="testCases.TopUpEMoneyCard.TC_002_Check_Card_Exists" name="assertEmptyResponseBody" time="0.014"/>
  <testcase classname="testCases.TopUpEMoneyCard.TC_002_Check_Card_Exists" name="assertResponseTime" time="0.001"/>
</testsuite> <!-- testCases.TopUpEMoneyCard.TC_002_Check_Card_Exists -->
