<?xml version="1.0" encoding="UTF-8"?>
<!-- Generated by org.testng.reporters.JUnitReportReporter -->
<testsuite hostname="dnid0006l01.local" failures="0" tests="12" name="testCases.AdminManagement.TC_002_Update_User" time="2.936" errors="0" timestamp="18 May 2020 04:04:55 GMT" skipped="0">
  <testcase classname="testCases.AdminManagement.TC_002_Update_User" name="assertStatusCode" time="0.000"/>
  <testcase classname="testCases.AdminManagement.TC_002_Update_User" name="updateUser" time="1.479"/>
  <testcase classname="testCases.AdminManagement.TC_002_Update_User" name="assertEmptyResponseBody" time="0.012"/>
  <testcase classname="testCases.AdminManagement.TC_002_Update_User" name="updateUser" time="1.375"/>
  <testcase classname="testCases.AdminManagement.TC_002_Update_User" name="checkResultAsExpected" time="0.024"/>
  <testcase classname="testCases.AdminManagement.TC_002_Update_User" name="assertStatusCode" time="0.001"/>
  <testcase classname="testCases.AdminManagement.TC_002_Update_User" name="assertResponseTime" time="0.001"/>
  <testcase classname="testCases.AdminManagement.TC_002_Update_User" name="assertStatusLine" time="0.000"/>
  <testcase classname="testCases.AdminManagement.TC_002_Update_User" name="assertEmptyResponseBody" time="0.012"/>
  <testcase classname="testCases.AdminManagement.TC_002_Update_User" name="assertStatusLine" time="0.000"/>
  <testcase classname="testCases.AdminManagement.TC_002_Update_User" name="assertResponseTime" time="0.001"/>
  <testcase classname="testCases.AdminManagement.TC_002_Update_User" name="checkResultAsExpected" time="0.031"/>
</testsuite> <!-- testCases.AdminManagement.TC_002_Update_User -->
