<?xml version="1.0" encoding="UTF-8"?>
<!-- Generated by org.testng.reporters.JUnitReportReporter -->
<testsuite hostname="dnid0006l01.local" failures="0" tests="4" name="testCases.TopUpEMoneyCard.TC_003_Check_Card_Not_Exists" time="0.014" errors="0" timestamp="14 May 2020 10:45:40 GMT" skipped="0">
  <testcase classname="testCases.TopUpEMoneyCard.TC_003_Check_Card_Not_Exists" name="checkResultAsExpected" time="0.001"/>
  <testcase classname="testCases.TopUpEMoneyCard.TC_003_Check_Card_Not_Exists" name="assertStatusCode" time="0.001"/>
  <testcase classname="testCases.TopUpEMoneyCard.TC_003_Check_Card_Not_Exists" name="assertEmptyResponseBody" time="0.011"/>
  <testcase classname="testCases.TopUpEMoneyCard.TC_003_Check_Card_Not_Exists" name="assertResponseTime" time="0.001"/>
</testsuite> <!-- testCases.TopUpEMoneyCard.TC_003_Check_Card_Not_Exists -->
