<?xml version="1.0" encoding="UTF-8"?>
<!-- Generated by org.testng.reporters.JUnitReportReporter -->
<testsuite hostname="dnid0006l01.local" failures="0" tests="4" name="testCases.Register.TC_006_Profile" time="0.006" errors="0" timestamp="19 May 2020 02:14:53 GMT" skipped="0">
  <testcase classname="testCases.Register.TC_006_Profile" name="assertResponseTime" time="0.001"/>
  <testcase classname="testCases.Register.TC_006_Profile" name="assertStatusCode" time="0.001"/>
  <testcase classname="testCases.Register.TC_006_Profile" name="assertEmptyResponseBody" time="0.002"/>
  <testcase classname="testCases.Register.TC_006_Profile" name="assertStatusLine" time="0.002"/>
</testsuite> <!-- testCases.Register.TC_006_Profile -->
