<?xml version="1.0" encoding="UTF-8"?>
<!-- Generated by org.testng.reporters.JUnitReportReporter -->
<testsuite skipped="0" hostname="DNID0694L01" name="testCases.order.TC_Recent_Phone_Number" tests="15" failures="0" timestamp="21 Jun 2020 06:04:32 GMT" time="64.314" errors="0">
  <testcase name="checkData" time="0.001" classname="testCases.order.TC_Recent_Phone_Number"/>
  <testcase name="checkData" time="0.010" classname="testCases.order.TC_Recent_Phone_Number"/>
  <testcase name="checkDB" time="0.000" classname="testCases.order.TC_Recent_Phone_Number"/>
  <testcase name="checkDB" time="5.044" classname="testCases.order.TC_Recent_Phone_Number"/>
  <testcase name="testRecentPhoneNumber" time="5.379" classname="testCases.order.TC_Recent_Phone_Number"/>
  <testcase name="testRecentPhoneNumber" time="0.625" classname="testCases.order.TC_Recent_Phone_Number"/>
  <testcase name="testRecentPhoneNumber" time="21.767" classname="testCases.order.TC_Recent_Phone_Number"/>
  <testcase name="checkDB" time="4.090" classname="testCases.order.TC_Recent_Phone_Number"/>
  <testcase name="checkData" time="0.081" classname="testCases.order.TC_Recent_Phone_Number"/>
  <testcase name="testRecentPhoneNumber" time="16.658" classname="testCases.order.TC_Recent_Phone_Number"/>
  <testcase name="checkDB" time="5.468" classname="testCases.order.TC_Recent_Phone_Number"/>
  <testcase name="checkData" time="0.001" classname="testCases.order.TC_Recent_Phone_Number"/>
  <testcase name="checkData" time="0.023" classname="testCases.order.TC_Recent_Phone_Number"/>
  <testcase name="checkDB" time="0.001" classname="testCases.order.TC_Recent_Phone_Number"/>
  <testcase name="testRecentPhoneNumber" time="5.166" classname="testCases.order.TC_Recent_Phone_Number"/>
</testsuite> <!-- testCases.order.TC_Recent_Phone_Number -->
